<?xml version="1.0" encoding="UTF-8"?>
<testsuite name="com.arkhipov.downloader.test.DownloadedObjectTest" tests="3" skipped="0" failures="0" errors="0" timestamp="2016-12-10T04:31:15" hostname="Kirill-pk" time="0.002">
  <properties/>
  <testcase name="testSetGetBytes" classname="com.arkhipov.downloader.test.DownloadedObjectTest" time="0.001"/>
  <testcase name="testGetLink" classname="com.arkhipov.downloader.test.DownloadedObjectTest" time="0.0"/>
  <testcase name="testGetFileName" classname="com.arkhipov.downloader.test.DownloadedObjectTest" time="0.0"/>
  <system-out><![CDATA[]]></system-out>
  <system-err><![CDATA[]]></system-err>
</testsuite>
