<?xml version="1.0" encoding="UTF-8"?>
<testsuite name="com.arkhipov.downloader.test.helpers.ConsoleParamsTest" tests="4" skipped="0" failures="0" errors="0" timestamp="2016-12-10T04:31:15" hostname="Kirill-pk" time="0.002">
  <properties/>
  <testcase name="testGetPathToSourceFile" classname="com.arkhipov.downloader.test.helpers.ConsoleParamsTest" time="0.001"/>
  <testcase name="testGetSpeed" classname="com.arkhipov.downloader.test.helpers.ConsoleParamsTest" time="0.0"/>
  <testcase name="testGetFolderPath" classname="com.arkhipov.downloader.test.helpers.ConsoleParamsTest" time="0.0"/>
  <testcase name="testGetNumberThreads" classname="com.arkhipov.downloader.test.helpers.ConsoleParamsTest" time="0.0"/>
  <system-out><![CDATA[]]></system-out>
  <system-err><![CDATA[]]></system-err>
</testsuite>
