<?xml version="1.0" encoding="UTF-8"?>
<testsuite name="com.arkhipov.downloader.test.DownloadedThreadTest" tests="1" skipped="0" failures="0" errors="0" timestamp="2016-12-10T04:31:15" hostname="Kirill-pk" time="0.0">
  <properties/>
  <testcase name="testDownloadSpeed" classname="com.arkhipov.downloader.test.DownloadedThreadTest" time="0.0"/>
  <system-out><![CDATA[]]></system-out>
  <system-err><![CDATA[]]></system-err>
</testsuite>
